#
# A fatal error has been detected by the Java Runtime Environment:
#
#  Internal Error (javaClasses.cpp:136), pid=4870, tid=3064298304
#  fatal error: Invalid layout of preloaded class
#
# JRE version:  (7.0_51) (build )
# Java VM: OpenJDK Client VM (24.45-b08 mixed mode linux-x86 )
# Failed to write core dump. Core dumps have been disabled. To enable core dumping, try "ulimit -c unlimited" before starting Java again
#
# If you would like to submit a bug report, please include
# instructions on how to reproduce the bug and visit:
#   http://icedtea.classpath.org/bugzilla
#

---------------  T H R E A D  ---------------

Current thread (0xb6908000):  JavaThread "Unknown thread" [_thread_in_vm, id=4871, stack(0xb6a07000,0xb6a58000)]

Stack: [0xb6a07000,0xb6a58000]

[error occurred during error reporting (printing native stack), id 0xb]


---------------  P R O C E S S  ---------------

Java Threads: ( => current thread )

Other Threads:

=>0xb6908000 (exited) JavaThread "Unknown thread" [_thread_in_vm, id=4871, stack(0xb6a07000,0xb6a58000)]

VM state:not at safepoint (not fully initialized)

VM Mutex/Monitor currently owned by a thread: None

GC Heap History (0 events):
No events

Deoptimization events (0 events):
No events

Internal exceptions (0 events):
No events

Events (10 events):
Event: 0.023 loading class 0x905a8670 done
Event: 0.023 loading class 0x905a8100 done
Event: 0.023 loading class 0x905a80e0
Event: 0.023 loading class 0x905af370
Event: 0.023 loading class 0x905af370 done
Event: 0.023 loading class 0x905af3a0
Event: 0.023 loading class 0x905af3a0 done
Event: 0.023 loading class 0x905af3d0
Event: 0.023 loading class 0x905af3d0 done
Event: 0.024 loading class 0x905a80e0 done


Dynamic libraries:
08048000-08049000 r-xp 00000000 08:06 529928     /usr/lib/jvm/java-7-openjdk-i386/jre/bin/java
08049000-0804a000 r--p 00000000 08:06 529928     /usr/lib/jvm/java-7-openjdk-i386/jre/bin/java
0804a000-0804b000 rw-p 00001000 08:06 529928     /usr/lib/jvm/java-7-openjdk-i386/jre/bin/java
080b2000-080d3000 rw-p 00000000 00:00 0          [heap]
904aa000-904d1000 rw-p 00000000 00:00 0 
904d1000-905a8000 r--s 013fe000 08:06 12558      /home/flavio/sdk/platforms/android-19/android.jar
905a8000-9060a000 rw-p 00000000 00:00 0 
9060a000-90624000 rw-p 00000000 00:00 0 
90624000-9062a000 rw-p 00000000 00:00 0 
9062a000-906cf000 rw-p 00000000 00:00 0 
906cf000-906d2000 rw-p 00000000 00:00 0 
906d2000-90724000 rw-p 00000000 00:00 0 
90724000-9072a000 rw-p 00000000 00:00 0 
9072a000-907cf000 rw-p 00000000 00:00 0 
907cf000-907d5000 rw-p 00000000 00:00 0 
907d5000-907ef000 rw-p 00000000 00:00 0 
907ef000-90d40000 rw-p 00000000 00:00 0 
90d40000-9b290000 rw-p 00000000 00:00 0 
9b290000-9bd40000 rw-p 00000000 00:00 0 
9bd40000-b07f0000 rw-p 00000000 00:00 0 
b07f0000-b13f0000 rw-p 00000000 00:00 0 
b13f0000-b47f0000 rw-p 00000000 00:00 0 
b47ff000-b4800000 rw-p 00000000 00:00 0 
b4800000-b487f000 rw-p 00000000 00:00 0 
b487f000-b48af000 rwxp 00000000 00:00 0 
b48af000-b687f000 rw-p 00000000 00:00 0 
b687f000-b688a000 r-xp 00000000 08:06 263246     /lib/i386-linux-gnu/libnss_files-2.15.so
b688a000-b688b000 r--p 0000a000 08:06 263246     /lib/i386-linux-gnu/libnss_files-2.15.so
b688b000-b688c000 rw-p 0000b000 08:06 263246     /lib/i386-linux-gnu/libnss_files-2.15.so
b688c000-b6896000 r-xp 00000000 08:06 263230     /lib/i386-linux-gnu/libnss_nis-2.15.so
b6896000-b6897000 r--p 00009000 08:06 263230     /lib/i386-linux-gnu/libnss_nis-2.15.so
b6897000-b6898000 rw-p 0000a000 08:06 263230     /lib/i386-linux-gnu/libnss_nis-2.15.so
b6898000-b68ae000 r-xp 00000000 08:06 262269     /lib/i386-linux-gnu/libnsl-2.15.so
b68ae000-b68af000 r--p 00015000 08:06 262269     /lib/i386-linux-gnu/libnsl-2.15.so
b68af000-b68b0000 rw-p 00016000 08:06 262269     /lib/i386-linux-gnu/libnsl-2.15.so
b68b0000-b68b2000 rw-p 00000000 00:00 0 
b68b2000-b68b9000 r-xp 00000000 08:06 266169     /lib/i386-linux-gnu/libnss_compat-2.15.so
b68b9000-b68ba000 r--p 00006000 08:06 266169     /lib/i386-linux-gnu/libnss_compat-2.15.so
b68ba000-b68bb000 rw-p 00007000 08:06 266169     /lib/i386-linux-gnu/libnss_compat-2.15.so
b68bc000-b68c4000 r-xp 00000000 08:06 529958     /usr/lib/jvm/java-7-openjdk-i386/jre/lib/i386/libzip.so
b68c4000-b68c5000 r--p 00007000 08:06 529958     /usr/lib/jvm/java-7-openjdk-i386/jre/lib/i386/libzip.so
b68c5000-b68c6000 rw-p 00008000 08:06 529958     /usr/lib/jvm/java-7-openjdk-i386/jre/lib/i386/libzip.so
b68c6000-b68ce000 rw-s 00000000 08:06 787070     /tmp/hsperfdata_flavio/4870
b68ce000-b68f5000 r-xp 00000000 08:06 529945     /usr/lib/jvm/java-7-openjdk-i386/jre/lib/i386/libjava.so
b68f5000-b68f6000 r--p 00026000 08:06 529945     /usr/lib/jvm/java-7-openjdk-i386/jre/lib/i386/libjava.so
b68f6000-b68f7000 rw-p 00027000 08:06 529945     /usr/lib/jvm/java-7-openjdk-i386/jre/lib/i386/libjava.so
b68f7000-b68fe000 r-xp 00000000 08:06 262277     /lib/i386-linux-gnu/librt-2.15.so
b68fe000-b68ff000 r--p 00006000 08:06 262277     /lib/i386-linux-gnu/librt-2.15.so
b68ff000-b6900000 rw-p 00007000 08:06 262277     /lib/i386-linux-gnu/librt-2.15.so
b6900000-b6949000 rw-p 00000000 00:00 0 
b6949000-b6a00000 ---p 00000000 00:00 0 
b6a07000-b6a0a000 ---p 00000000 00:00 0 
b6a0a000-b6a58000 rw-p 00000000 00:00 0 
b6a58000-b6a74000 r-xp 00000000 08:06 263092     /lib/i386-linux-gnu/libgcc_s.so.1
b6a74000-b6a75000 r--p 0001b000 08:06 263092     /lib/i386-linux-gnu/libgcc_s.so.1
b6a75000-b6a76000 rw-p 0001c000 08:06 263092     /lib/i386-linux-gnu/libgcc_s.so.1
b6a76000-b6aa0000 r-xp 00000000 08:06 263227     /lib/i386-linux-gnu/libm-2.15.so
b6aa0000-b6aa1000 r--p 00029000 08:06 263227     /lib/i386-linux-gnu/libm-2.15.so
b6aa1000-b6aa2000 rw-p 0002a000 08:06 263227     /lib/i386-linux-gnu/libm-2.15.so
b6aa2000-b6b7a000 r-xp 00000000 08:06 2364388    /usr/lib/i386-linux-gnu/libstdc++.so.6.0.16
b6b7a000-b6b7b000 ---p 000d8000 08:06 2364388    /usr/lib/i386-linux-gnu/libstdc++.so.6.0.16
b6b7b000-b6b7f000 r--p 000d8000 08:06 2364388    /usr/lib/i386-linux-gnu/libstdc++.so.6.0.16
b6b7f000-b6b80000 rw-p 000dc000 08:06 2364388    /usr/lib/i386-linux-gnu/libstdc++.so.6.0.16
b6b80000-b6b87000 rw-p 00000000 00:00 0 
b6b87000-b718b000 r-xp 00000000 08:06 529974     /usr/lib/jvm/java-7-openjdk-i386/jre/lib/i386/client/libjvm.so
b718b000-b718c000 ---p 00604000 08:06 529974     /usr/lib/jvm/java-7-openjdk-i386/jre/lib/i386/client/libjvm.so
b718c000-b71a3000 r--p 00604000 08:06 529974     /usr/lib/jvm/java-7-openjdk-i386/jre/lib/i386/client/libjvm.so
b71a3000-b71b1000 rw-p 0061b000 08:06 529974     /usr/lib/jvm/java-7-openjdk-i386/jre/lib/i386/client/libjvm.so
b71b1000-b75cd000 rw-p 00000000 00:00 0 
b75cd000-b75e1000 r-xp 00000000 08:06 263182     /lib/i386-linux-gnu/libz.so.1.2.3.4
b75e1000-b75e2000 r--p 00013000 08:06 263182     /lib/i386-linux-gnu/libz.so.1.2.3.4
b75e2000-b75e3000 rw-p 00014000 08:06 263182     /lib/i386-linux-gnu/libz.so.1.2.3.4
b75e3000-b75fa000 r-xp 00000000 08:06 262275     /lib/i386-linux-gnu/libpthread-2.15.so
b75fa000-b75fb000 r--p 00016000 08:06 262275     /lib/i386-linux-gnu/libpthread-2.15.so
b75fb000-b75fc000 rw-p 00017000 08:06 262275     /lib/i386-linux-gnu/libpthread-2.15.so
b75fc000-b75fe000 rw-p 00000000 00:00 0 
b75fe000-b7601000 r-xp 00000000 08:06 267519     /lib/i386-linux-gnu/libdl-2.15.so
b7601000-b7602000 r--p 00002000 08:06 267519     /lib/i386-linux-gnu/libdl-2.15.so
b7602000-b7603000 rw-p 00003000 08:06 267519     /lib/i386-linux-gnu/libdl-2.15.so
b7603000-b77a7000 r-xp 00000000 08:06 267520     /lib/i386-linux-gnu/libc-2.15.so
b77a7000-b77a9000 r--p 001a4000 08:06 267520     /lib/i386-linux-gnu/libc-2.15.so
b77a9000-b77aa000 rw-p 001a6000 08:06 267520     /lib/i386-linux-gnu/libc-2.15.so
b77aa000-b77ae000 rw-p 00000000 00:00 0 
b77b1000-b77b2000 rw-p 00000000 00:00 0 
b77b2000-b77b3000 r--p 00000000 00:00 0 
b77b3000-b77bf000 r-xp 00000000 08:06 529957     /usr/lib/jvm/java-7-openjdk-i386/jre/lib/i386/libverify.so
b77bf000-b77c0000 r--p 0000b000 08:06 529957     /usr/lib/jvm/java-7-openjdk-i386/jre/lib/i386/libverify.so
b77c0000-b77c1000 rw-p 0000c000 08:06 529957     /usr/lib/jvm/java-7-openjdk-i386/jre/lib/i386/libverify.so
b77c1000-b77ce000 r-xp 00000000 08:06 529947     /usr/lib/jvm/java-7-openjdk-i386/jre/lib/i386/jli/libjli.so
b77ce000-b77cf000 r--p 0000c000 08:06 529947     /usr/lib/jvm/java-7-openjdk-i386/jre/lib/i386/jli/libjli.so
b77cf000-b77d0000 rw-p 0000d000 08:06 529947     /usr/lib/jvm/java-7-openjdk-i386/jre/lib/i386/jli/libjli.so
b77d0000-b77d2000 rw-p 00000000 00:00 0 
b77d2000-b77d3000 r-xp 00000000 00:00 0          [vdso]
b77d3000-b77f3000 r-xp 00000000 08:06 262276     /lib/i386-linux-gnu/ld-2.15.so
b77f3000-b77f4000 r--p 0001f000 08:06 262276     /lib/i386-linux-gnu/ld-2.15.so
b77f4000-b77f5000 rw-p 00020000 08:06 262276     /lib/i386-linux-gnu/ld-2.15.so
bff09000-bff2b000 rw-p 00000000 00:00 0          [stack]

VM Arguments:
jvm_args: -Dfile.encoding=UTF-8 -Xbootclasspath:/home/flavio/sdk/platforms/android-19/android.jar 
java_command: Main
Launcher Type: SUN_STANDARD

Environment Variables:
PATH=/usr/lib/lightdm/lightdm:/usr/local/sbin:/usr/local/bin:/usr/sbin:/usr/bin:/sbin:/bin:/usr/games
LD_LIBRARY_PATH=/usr/lib/jvm/java-7-openjdk-i386/jre/lib/i386/client:/usr/lib/jvm/java-7-openjdk-i386/jre/lib/i386:
SHELL=/bin/bash
DISPLAY=:0.0

Signal Handlers:
SIGSEGV: [libjvm.so+0x4e27a0], sa_mask[0]=0x7ffbfeff, sa_flags=0x10000004
SIGBUS: [libjvm.so+0x4e27a0], sa_mask[0]=0x7ffbfeff, sa_flags=0x10000004
SIGFPE: [libjvm.so+0x3b9a50], sa_mask[0]=0x7ffbfeff, sa_flags=0x10000004
SIGPIPE: [libjvm.so+0x3b9a50], sa_mask[0]=0x7ffbfeff, sa_flags=0x10000004
SIGXFSZ: [libjvm.so+0x3b9a50], sa_mask[0]=0x7ffbfeff, sa_flags=0x10000004
SIGILL: [libjvm.so+0x3b9a50], sa_mask[0]=0x7ffbfeff, sa_flags=0x10000004
SIGUSR1: SIG_DFL, sa_mask[0]=0x00000000, sa_flags=0x00000000
SIGUSR2: [libjvm.so+0x3b9d90], sa_mask[0]=0x00000004, sa_flags=0x10000004
SIGHUP: SIG_DFL, sa_mask[0]=0x00000000, sa_flags=0x00000000
SIGINT: SIG_DFL, sa_mask[0]=0x00000000, sa_flags=0x00000000
SIGTERM: SIG_DFL, sa_mask[0]=0x00000000, sa_flags=0x00000000
SIGQUIT: SIG_DFL, sa_mask[0]=0x00000000, sa_flags=0x00000000


---------------  S Y S T E M  ---------------

OS:Ubuntu 12.04 (precise)
uname:Linux 3.2.0-58-generic-pae #88-Ubuntu SMP Tue Dec 3 18:00:02 UTC 2013 i686
libc:glibc 2.15 NPTL 2.15 
rlimit: STACK 8192k, CORE 0k, NPROC 15680, NOFILE 4096, AS infinity
load average:1.63 1.03 1.27

/proc/meminfo:
MemTotal:        2021744 kB
MemFree:          234044 kB
Buffers:           43108 kB
Cached:           647560 kB
SwapCached:         5568 kB
Active:          1191352 kB
Inactive:         514548 kB
Active(anon):     900088 kB
Inactive(anon):   342232 kB
Active(file):     291264 kB
Inactive(file):   172316 kB
Unevictable:          40 kB
Mlocked:              40 kB
HighTotal:       1143556 kB
HighFree:          14536 kB
LowTotal:         878188 kB
LowFree:          219508 kB
SwapTotal:       3905532 kB
SwapFree:        3817772 kB
Dirty:              2228 kB
Writeback:             0 kB
AnonPages:       1010196 kB
Mapped:           130664 kB
Shmem:            227088 kB
Slab:              47200 kB
SReclaimable:      28504 kB
SUnreclaim:        18696 kB
KernelStack:        3840 kB
PageTables:        13584 kB
NFS_Unstable:          0 kB
Bounce:                0 kB
WritebackTmp:          0 kB
CommitLimit:     4916404 kB
Committed_AS:    4371304 kB
VmallocTotal:     122880 kB
VmallocUsed:       18908 kB
VmallocChunk:     101732 kB
HardwareCorrupted:     0 kB
AnonHugePages:         0 kB
HugePages_Total:       0
HugePages_Free:        0
HugePages_Rsvd:        0
HugePages_Surp:        0
Hugepagesize:       2048 kB
DirectMap4k:       10232 kB
DirectMap2M:      903168 kB


CPU:total 1 (1 cores per cpu, 1 threads per core) family 6 model 23 stepping 10, cmov, cx8, fxsr, mmx, sse, sse2, sse3, ssse3, tsc

/proc/cpuinfo:
processor	: 0
vendor_id	: GenuineIntel
cpu family	: 6
model		: 23
model name	: Intel(R) Celeron(R) CPU          925  @ 2.30GHz
stepping	: 10
microcode	: 0xa07
cpu MHz		: 15000.000
cache size	: 1024 KB
fdiv_bug	: no
hlt_bug		: no
f00f_bug	: no
coma_bug	: no
fpu		: yes
fpu_exception	: yes
cpuid level	: 13
wp		: yes
flags		: fpu vme de pse tsc msr pae mce cx8 apic sep mtrr pge mca cmov pat pse36 clflush dts acpi mmx fxsr sse sse2 ss tm pbe nx lm constant_tsc up arch_perfmon pebs bts aperfmperf pni dtes64 monitor ds_cpl tm2 ssse3 cx16 xtpr pdcm xsave lahf_lm dtherm
bogomips	: 4588.11
clflush size	: 64
cache_alignment	: 64
address sizes	: 36 bits physical, 48 bits virtual
power management:



Memory: 4k page, physical 2021744k(234044k free), swap 3905532k(3817772k free)

vm_info: OpenJDK Client VM (24.45-b08) for linux-x86 JRE (1.7.0_51-b00), built on Jan 16 2014 18:41:20 by "buildd" with gcc 4.6.3

time: Mon Feb  3 22:57:16 2014
elapsed time: 0 seconds

