#
# A fatal error has been detected by the Java Runtime Environment:
#
#  Internal Error (javaClasses.cpp:136), pid=4316, tid=3063872320
#  fatal error: Invalid layout of preloaded class
#
# JRE version:  (7.0_51) (build )
# Java VM: OpenJDK Client VM (24.45-b08 mixed mode linux-x86 )
# Failed to write core dump. Core dumps have been disabled. To enable core dumping, try "ulimit -c unlimited" before starting Java again
#
# If you would like to submit a bug report, please include
# instructions on how to reproduce the bug and visit:
#   http://icedtea.classpath.org/bugzilla
#

---------------  T H R E A D  ---------------

Current thread (0xb6808000):  JavaThread "Unknown thread" [_thread_in_vm, id=4321, stack(0xb699f000,0xb69f0000)]

Stack: [0xb699f000,0xb69f0000]

[error occurred during error reporting (printing native stack), id 0xb]


---------------  P R O C E S S  ---------------

Java Threads: ( => current thread )

Other Threads:

=>0xb6808000 (exited) JavaThread "Unknown thread" [_thread_in_vm, id=4321, stack(0xb699f000,0xb69f0000)]

VM state:not at safepoint (not fully initialized)

VM Mutex/Monitor currently owned by a thread: None

GC Heap History (0 events):
No events

Deoptimization events (0 events):
No events

Internal exceptions (0 events):
No events

Events (10 events):
Event: 0.034 loading class 0x90538670 done
Event: 0.034 loading class 0x90538100 done
Event: 0.034 loading class 0x905380e0
Event: 0.034 loading class 0x9053f370
Event: 0.034 loading class 0x9053f370 done
Event: 0.034 loading class 0x9053f3a0
Event: 0.034 loading class 0x9053f3a0 done
Event: 0.034 loading class 0x9053f3d0
Event: 0.034 loading class 0x9053f3d0 done
Event: 0.035 loading class 0x905380e0 done


Dynamic libraries:
08048000-08049000 r-xp 00000000 08:06 529928     /usr/lib/jvm/java-7-openjdk-i386/jre/bin/java
08049000-0804a000 r--p 00000000 08:06 529928     /usr/lib/jvm/java-7-openjdk-i386/jre/bin/java
0804a000-0804b000 rw-p 00001000 08:06 529928     /usr/lib/jvm/java-7-openjdk-i386/jre/bin/java
09103000-09124000 rw-p 00000000 00:00 0          [heap]
9043a000-90461000 rw-p 00000000 00:00 0 
90461000-90538000 r--s 013fe000 08:06 12558      /home/flavio/sdk/platforms/android-19/android.jar
90538000-9059a000 rw-p 00000000 00:00 0 
9059a000-905b4000 rw-p 00000000 00:00 0 
905b4000-905ba000 rw-p 00000000 00:00 0 
905ba000-9065f000 rw-p 00000000 00:00 0 
9065f000-90662000 rw-p 00000000 00:00 0 
90662000-906b4000 rw-p 00000000 00:00 0 
906b4000-906ba000 rw-p 00000000 00:00 0 
906ba000-9075f000 rw-p 00000000 00:00 0 
9075f000-90765000 rw-p 00000000 00:00 0 
90765000-9077f000 rw-p 00000000 00:00 0 
9077f000-90cd0000 rw-p 00000000 00:00 0 
90cd0000-9b220000 rw-p 00000000 00:00 0 
9b220000-9bcd0000 rw-p 00000000 00:00 0 
9bcd0000-b0780000 rw-p 00000000 00:00 0 
b0780000-b1380000 rw-p 00000000 00:00 0 
b1380000-b4780000 rw-p 00000000 00:00 0 
b4780000-b4781000 rw-p 00000000 00:00 0 
b4781000-b4800000 rw-p 00000000 00:00 0 
b4800000-b4830000 rwxp 00000000 00:00 0 
b4830000-b6849000 rw-p 00000000 00:00 0 
b6849000-b6900000 ---p 00000000 00:00 0 
b691e000-b6929000 r-xp 00000000 08:06 263246     /lib/i386-linux-gnu/libnss_files-2.15.so
b6929000-b692a000 r--p 0000a000 08:06 263246     /lib/i386-linux-gnu/libnss_files-2.15.so
b692a000-b692b000 rw-p 0000b000 08:06 263246     /lib/i386-linux-gnu/libnss_files-2.15.so
b692b000-b6935000 r-xp 00000000 08:06 263230     /lib/i386-linux-gnu/libnss_nis-2.15.so
b6935000-b6936000 r--p 00009000 08:06 263230     /lib/i386-linux-gnu/libnss_nis-2.15.so
b6936000-b6937000 rw-p 0000a000 08:06 263230     /lib/i386-linux-gnu/libnss_nis-2.15.so
b6937000-b694d000 r-xp 00000000 08:06 262269     /lib/i386-linux-gnu/libnsl-2.15.so
b694d000-b694e000 r--p 00015000 08:06 262269     /lib/i386-linux-gnu/libnsl-2.15.so
b694e000-b694f000 rw-p 00016000 08:06 262269     /lib/i386-linux-gnu/libnsl-2.15.so
b694f000-b6951000 rw-p 00000000 00:00 0 
b6951000-b6958000 r-xp 00000000 08:06 266169     /lib/i386-linux-gnu/libnss_compat-2.15.so
b6958000-b6959000 r--p 00006000 08:06 266169     /lib/i386-linux-gnu/libnss_compat-2.15.so
b6959000-b695a000 rw-p 00007000 08:06 266169     /lib/i386-linux-gnu/libnss_compat-2.15.so
b695b000-b6963000 r-xp 00000000 08:06 529958     /usr/lib/jvm/java-7-openjdk-i386/jre/lib/i386/libzip.so
b6963000-b6964000 r--p 00007000 08:06 529958     /usr/lib/jvm/java-7-openjdk-i386/jre/lib/i386/libzip.so
b6964000-b6965000 rw-p 00008000 08:06 529958     /usr/lib/jvm/java-7-openjdk-i386/jre/lib/i386/libzip.so
b6965000-b696d000 rw-s 00000000 08:06 787070     /tmp/hsperfdata_flavio/4316
b696d000-b6994000 r-xp 00000000 08:06 529945     /usr/lib/jvm/java-7-openjdk-i386/jre/lib/i386/libjava.so
b6994000-b6995000 r--p 00026000 08:06 529945     /usr/lib/jvm/java-7-openjdk-i386/jre/lib/i386/libjava.so
b6995000-b6996000 rw-p 00027000 08:06 529945     /usr/lib/jvm/java-7-openjdk-i386/jre/lib/i386/libjava.so
b6996000-b699d000 r-xp 00000000 08:06 262277     /lib/i386-linux-gnu/librt-2.15.so
b699d000-b699e000 r--p 00006000 08:06 262277     /lib/i386-linux-gnu/librt-2.15.so
b699e000-b699f000 rw-p 00007000 08:06 262277     /lib/i386-linux-gnu/librt-2.15.so
b699f000-b69a2000 ---p 00000000 00:00 0 
b69a2000-b69f0000 rw-p 00000000 00:00 0 
b69f0000-b6a0c000 r-xp 00000000 08:06 263092     /lib/i386-linux-gnu/libgcc_s.so.1
b6a0c000-b6a0d000 r--p 0001b000 08:06 263092     /lib/i386-linux-gnu/libgcc_s.so.1
b6a0d000-b6a0e000 rw-p 0001c000 08:06 263092     /lib/i386-linux-gnu/libgcc_s.so.1
b6a0e000-b6a38000 r-xp 00000000 08:06 263227     /lib/i386-linux-gnu/libm-2.15.so
b6a38000-b6a39000 r--p 00029000 08:06 263227     /lib/i386-linux-gnu/libm-2.15.so
b6a39000-b6a3a000 rw-p 0002a000 08:06 263227     /lib/i386-linux-gnu/libm-2.15.so
b6a3a000-b6b12000 r-xp 00000000 08:06 2364388    /usr/lib/i386-linux-gnu/libstdc++.so.6.0.16
b6b12000-b6b13000 ---p 000d8000 08:06 2364388    /usr/lib/i386-linux-gnu/libstdc++.so.6.0.16
b6b13000-b6b17000 r--p 000d8000 08:06 2364388    /usr/lib/i386-linux-gnu/libstdc++.so.6.0.16
b6b17000-b6b18000 rw-p 000dc000 08:06 2364388    /usr/lib/i386-linux-gnu/libstdc++.so.6.0.16
b6b18000-b6b1f000 rw-p 00000000 00:00 0 
b6b1f000-b7123000 r-xp 00000000 08:06 529974     /usr/lib/jvm/java-7-openjdk-i386/jre/lib/i386/client/libjvm.so
b7123000-b7124000 ---p 00604000 08:06 529974     /usr/lib/jvm/java-7-openjdk-i386/jre/lib/i386/client/libjvm.so
b7124000-b713b000 r--p 00604000 08:06 529974     /usr/lib/jvm/java-7-openjdk-i386/jre/lib/i386/client/libjvm.so
b713b000-b7149000 rw-p 0061b000 08:06 529974     /usr/lib/jvm/java-7-openjdk-i386/jre/lib/i386/client/libjvm.so
b7149000-b7565000 rw-p 00000000 00:00 0 
b7565000-b7579000 r-xp 00000000 08:06 263182     /lib/i386-linux-gnu/libz.so.1.2.3.4
b7579000-b757a000 r--p 00013000 08:06 263182     /lib/i386-linux-gnu/libz.so.1.2.3.4
b757a000-b757b000 rw-p 00014000 08:06 263182     /lib/i386-linux-gnu/libz.so.1.2.3.4
b757b000-b7592000 r-xp 00000000 08:06 262275     /lib/i386-linux-gnu/libpthread-2.15.so
b7592000-b7593000 r--p 00016000 08:06 262275     /lib/i386-linux-gnu/libpthread-2.15.so
b7593000-b7594000 rw-p 00017000 08:06 262275     /lib/i386-linux-gnu/libpthread-2.15.so
b7594000-b7596000 rw-p 00000000 00:00 0 
b7596000-b7599000 r-xp 00000000 08:06 267519     /lib/i386-linux-gnu/libdl-2.15.so
b7599000-b759a000 r--p 00002000 08:06 267519     /lib/i386-linux-gnu/libdl-2.15.so
b759a000-b759b000 rw-p 00003000 08:06 267519     /lib/i386-linux-gnu/libdl-2.15.so
b759b000-b773f000 r-xp 00000000 08:06 267520     /lib/i386-linux-gnu/libc-2.15.so
b773f000-b7741000 r--p 001a4000 08:06 267520     /lib/i386-linux-gnu/libc-2.15.so
b7741000-b7742000 rw-p 001a6000 08:06 267520     /lib/i386-linux-gnu/libc-2.15.so
b7742000-b7746000 rw-p 00000000 00:00 0 
b7749000-b774a000 rw-p 00000000 00:00 0 
b774a000-b774b000 r--p 00000000 00:00 0 
b774b000-b7757000 r-xp 00000000 08:06 529957     /usr/lib/jvm/java-7-openjdk-i386/jre/lib/i386/libverify.so
b7757000-b7758000 r--p 0000b000 08:06 529957     /usr/lib/jvm/java-7-openjdk-i386/jre/lib/i386/libverify.so
b7758000-b7759000 rw-p 0000c000 08:06 529957     /usr/lib/jvm/java-7-openjdk-i386/jre/lib/i386/libverify.so
b7759000-b7766000 r-xp 00000000 08:06 529947     /usr/lib/jvm/java-7-openjdk-i386/jre/lib/i386/jli/libjli.so
b7766000-b7767000 r--p 0000c000 08:06 529947     /usr/lib/jvm/java-7-openjdk-i386/jre/lib/i386/jli/libjli.so
b7767000-b7768000 rw-p 0000d000 08:06 529947     /usr/lib/jvm/java-7-openjdk-i386/jre/lib/i386/jli/libjli.so
b7768000-b776a000 rw-p 00000000 00:00 0 
b776a000-b776b000 r-xp 00000000 00:00 0          [vdso]
b776b000-b778b000 r-xp 00000000 08:06 262276     /lib/i386-linux-gnu/ld-2.15.so
b778b000-b778c000 r--p 0001f000 08:06 262276     /lib/i386-linux-gnu/ld-2.15.so
b778c000-b778d000 rw-p 00020000 08:06 262276     /lib/i386-linux-gnu/ld-2.15.so
bf88c000-bf8ae000 rw-p 00000000 00:00 0          [stack]

VM Arguments:
jvm_args: -Dfile.encoding=UTF-8 -Xbootclasspath:/home/flavio/sdk/platforms/android-19/android.jar 
java_command: Main
Launcher Type: SUN_STANDARD

Environment Variables:
PATH=/usr/lib/lightdm/lightdm:/usr/local/sbin:/usr/local/bin:/usr/sbin:/usr/bin:/sbin:/bin:/usr/games
LD_LIBRARY_PATH=/usr/lib/jvm/java-7-openjdk-i386/jre/lib/i386/client:/usr/lib/jvm/java-7-openjdk-i386/jre/lib/i386:
SHELL=/bin/bash
DISPLAY=:0.0

Signal Handlers:
SIGSEGV: [libjvm.so+0x4e27a0], sa_mask[0]=0x7ffbfeff, sa_flags=0x10000004
SIGBUS: [libjvm.so+0x4e27a0], sa_mask[0]=0x7ffbfeff, sa_flags=0x10000004
SIGFPE: [libjvm.so+0x3b9a50], sa_mask[0]=0x7ffbfeff, sa_flags=0x10000004
SIGPIPE: [libjvm.so+0x3b9a50], sa_mask[0]=0x7ffbfeff, sa_flags=0x10000004
SIGXFSZ: [libjvm.so+0x3b9a50], sa_mask[0]=0x7ffbfeff, sa_flags=0x10000004
SIGILL: [libjvm.so+0x3b9a50], sa_mask[0]=0x7ffbfeff, sa_flags=0x10000004
SIGUSR1: SIG_DFL, sa_mask[0]=0x00000000, sa_flags=0x00000000
SIGUSR2: [libjvm.so+0x3b9d90], sa_mask[0]=0x00000004, sa_flags=0x10000004
SIGHUP: SIG_DFL, sa_mask[0]=0x00000000, sa_flags=0x00000000
SIGINT: SIG_DFL, sa_mask[0]=0x00000000, sa_flags=0x00000000
SIGTERM: SIG_DFL, sa_mask[0]=0x00000000, sa_flags=0x00000000
SIGQUIT: SIG_DFL, sa_mask[0]=0x00000000, sa_flags=0x00000000


---------------  S Y S T E M  ---------------

OS:Ubuntu 12.04 (precise)
uname:Linux 3.2.0-58-generic-pae #88-Ubuntu SMP Tue Dec 3 18:00:02 UTC 2013 i686
libc:glibc 2.15 NPTL 2.15 
rlimit: STACK 8192k, CORE 0k, NPROC 15680, NOFILE 4096, AS infinity
load average:1.08 0.70 1.23

/proc/meminfo:
MemTotal:        2021744 kB
MemFree:          127960 kB
Buffers:           31336 kB
Cached:           560884 kB
SwapCached:         2332 kB
Active:          1133532 kB
Inactive:         680272 kB
Active(anon):     938772 kB
Inactive(anon):   502808 kB
Active(file):     194760 kB
Inactive(file):   177464 kB
Unevictable:          40 kB
Mlocked:              40 kB
HighTotal:       1143556 kB
HighFree:          14536 kB
LowTotal:         878188 kB
LowFree:          113424 kB
SwapTotal:       3905532 kB
SwapFree:        3831452 kB
Dirty:               852 kB
Writeback:             0 kB
AnonPages:       1219580 kB
Mapped:           170088 kB
Shmem:            219984 kB
Slab:              44296 kB
SReclaimable:      25532 kB
SUnreclaim:        18764 kB
KernelStack:        3968 kB
PageTables:        14384 kB
NFS_Unstable:          0 kB
Bounce:                0 kB
WritebackTmp:          0 kB
CommitLimit:     4916404 kB
Committed_AS:    4675752 kB
VmallocTotal:     122880 kB
VmallocUsed:       18908 kB
VmallocChunk:     101732 kB
HardwareCorrupted:     0 kB
AnonHugePages:         0 kB
HugePages_Total:       0
HugePages_Free:        0
HugePages_Rsvd:        0
HugePages_Surp:        0
Hugepagesize:       2048 kB
DirectMap4k:       10232 kB
DirectMap2M:      903168 kB


CPU:total 1 (1 cores per cpu, 1 threads per core) family 6 model 23 stepping 10, cmov, cx8, fxsr, mmx, sse, sse2, sse3, ssse3, tsc

/proc/cpuinfo:
processor	: 0
vendor_id	: GenuineIntel
cpu family	: 6
model		: 23
model name	: Intel(R) Celeron(R) CPU          925  @ 2.30GHz
stepping	: 10
microcode	: 0xa07
cpu MHz		: 15000.000
cache size	: 1024 KB
fdiv_bug	: no
hlt_bug		: no
f00f_bug	: no
coma_bug	: no
fpu		: yes
fpu_exception	: yes
cpuid level	: 13
wp		: yes
flags		: fpu vme de pse tsc msr pae mce cx8 apic sep mtrr pge mca cmov pat pse36 clflush dts acpi mmx fxsr sse sse2 ss tm pbe nx lm constant_tsc up arch_perfmon pebs bts aperfmperf pni dtes64 monitor ds_cpl tm2 ssse3 cx16 xtpr pdcm xsave lahf_lm dtherm
bogomips	: 4588.11
clflush size	: 64
cache_alignment	: 64
address sizes	: 36 bits physical, 48 bits virtual
power management:



Memory: 4k page, physical 2021744k(127960k free), swap 3905532k(3831452k free)

vm_info: OpenJDK Client VM (24.45-b08) for linux-x86 JRE (1.7.0_51-b00), built on Jan 16 2014 18:41:20 by "buildd" with gcc 4.6.3

time: Mon Feb  3 22:54:33 2014
elapsed time: 0 seconds

