#
# A fatal error has been detected by the Java Runtime Environment:
#
#  Internal Error (javaClasses.cpp:136), pid=4414, tid=3064175424
#  fatal error: Invalid layout of preloaded class
#
# JRE version:  (7.0_51) (build )
# Java VM: OpenJDK Client VM (24.45-b08 mixed mode linux-x86 )
# Failed to write core dump. Core dumps have been disabled. To enable core dumping, try "ulimit -c unlimited" before starting Java again
#
# If you would like to submit a bug report, please include
# instructions on how to reproduce the bug and visit:
#   http://icedtea.classpath.org/bugzilla
#

---------------  T H R E A D  ---------------

Current thread (0xb6808000):  JavaThread "Unknown thread" [_thread_in_vm, id=4419, stack(0xb69e9000,0xb6a3a000)]

Stack: [0xb69e9000,0xb6a3a000]

[error occurred during error reporting (printing native stack), id 0xb]


---------------  P R O C E S S  ---------------

Java Threads: ( => current thread )

Other Threads:

=>0xb6808000 (exited) JavaThread "Unknown thread" [_thread_in_vm, id=4419, stack(0xb69e9000,0xb6a3a000)]

VM state:not at safepoint (not fully initialized)

VM Mutex/Monitor currently owned by a thread: None

GC Heap History (0 events):
No events

Deoptimization events (0 events):
No events

Internal exceptions (0 events):
No events

Events (10 events):
Event: 0.802 loading class 0x90559670 done
Event: 0.802 loading class 0x90559100 done
Event: 0.802 loading class 0x905590e0
Event: 0.802 loading class 0x90560370
Event: 0.802 loading class 0x90560370 done
Event: 0.802 loading class 0x905603a0
Event: 0.803 loading class 0x905603a0 done
Event: 0.803 loading class 0x905603d0
Event: 0.803 loading class 0x905603d0 done
Event: 0.803 loading class 0x905590e0 done


Dynamic libraries:
08048000-08049000 r-xp 00000000 08:06 529928     /usr/lib/jvm/java-7-openjdk-i386/jre/bin/java
08049000-0804a000 r--p 00000000 08:06 529928     /usr/lib/jvm/java-7-openjdk-i386/jre/bin/java
0804a000-0804b000 rw-p 00001000 08:06 529928     /usr/lib/jvm/java-7-openjdk-i386/jre/bin/java
099eb000-09a0c000 rw-p 00000000 00:00 0          [heap]
9045b000-90482000 rw-p 00000000 00:00 0 
90482000-90559000 r--s 013fe000 08:06 12558      /home/flavio/sdk/platforms/android-19/android.jar
90559000-905ba000 rw-p 00000000 00:00 0 
905ba000-9065f000 rw-p 00000000 00:00 0 
9065f000-90662000 rw-p 00000000 00:00 0 
90662000-906b4000 rw-p 00000000 00:00 0 
906b4000-906ba000 rw-p 00000000 00:00 0 
906ba000-9075f000 rw-p 00000000 00:00 0 
9075f000-90765000 rw-p 00000000 00:00 0 
90765000-9077f000 rw-p 00000000 00:00 0 
9077f000-90cd0000 rw-p 00000000 00:00 0 
90cd0000-9b220000 rw-p 00000000 00:00 0 
9b220000-9bcd0000 rw-p 00000000 00:00 0 
9bcd0000-b0780000 rw-p 00000000 00:00 0 
b0780000-b1380000 rw-p 00000000 00:00 0 
b1380000-b4780000 rw-p 00000000 00:00 0 
b4780000-b4781000 rw-p 00000000 00:00 0 
b4781000-b4800000 rw-p 00000000 00:00 0 
b4800000-b4830000 rwxp 00000000 00:00 0 
b4830000-b6849000 rw-p 00000000 00:00 0 
b6849000-b6900000 ---p 00000000 00:00 0 
b6947000-b694e000 rw-p 00000000 00:00 0 
b694e000-b6968000 rw-p 00000000 00:00 0 
b6968000-b6973000 r-xp 00000000 08:06 263246     /lib/i386-linux-gnu/libnss_files-2.15.so
b6973000-b6974000 r--p 0000a000 08:06 263246     /lib/i386-linux-gnu/libnss_files-2.15.so
b6974000-b6975000 rw-p 0000b000 08:06 263246     /lib/i386-linux-gnu/libnss_files-2.15.so
b6975000-b697f000 r-xp 00000000 08:06 263230     /lib/i386-linux-gnu/libnss_nis-2.15.so
b697f000-b6980000 r--p 00009000 08:06 263230     /lib/i386-linux-gnu/libnss_nis-2.15.so
b6980000-b6981000 rw-p 0000a000 08:06 263230     /lib/i386-linux-gnu/libnss_nis-2.15.so
b6981000-b6997000 r-xp 00000000 08:06 262269     /lib/i386-linux-gnu/libnsl-2.15.so
b6997000-b6998000 r--p 00015000 08:06 262269     /lib/i386-linux-gnu/libnsl-2.15.so
b6998000-b6999000 rw-p 00016000 08:06 262269     /lib/i386-linux-gnu/libnsl-2.15.so
b6999000-b699b000 rw-p 00000000 00:00 0 
b699b000-b69a2000 r-xp 00000000 08:06 266169     /lib/i386-linux-gnu/libnss_compat-2.15.so
b69a2000-b69a3000 r--p 00006000 08:06 266169     /lib/i386-linux-gnu/libnss_compat-2.15.so
b69a3000-b69a4000 rw-p 00007000 08:06 266169     /lib/i386-linux-gnu/libnss_compat-2.15.so
b69a5000-b69ad000 r-xp 00000000 08:06 529958     /usr/lib/jvm/java-7-openjdk-i386/jre/lib/i386/libzip.so
b69ad000-b69ae000 r--p 00007000 08:06 529958     /usr/lib/jvm/java-7-openjdk-i386/jre/lib/i386/libzip.so
b69ae000-b69af000 rw-p 00008000 08:06 529958     /usr/lib/jvm/java-7-openjdk-i386/jre/lib/i386/libzip.so
b69af000-b69b7000 rw-s 00000000 08:06 787071     /tmp/hsperfdata_flavio/4414
b69b7000-b69de000 r-xp 00000000 08:06 529945     /usr/lib/jvm/java-7-openjdk-i386/jre/lib/i386/libjava.so
b69de000-b69df000 r--p 00026000 08:06 529945     /usr/lib/jvm/java-7-openjdk-i386/jre/lib/i386/libjava.so
b69df000-b69e0000 rw-p 00027000 08:06 529945     /usr/lib/jvm/java-7-openjdk-i386/jre/lib/i386/libjava.so
b69e0000-b69e7000 r-xp 00000000 08:06 262277     /lib/i386-linux-gnu/librt-2.15.so
b69e7000-b69e8000 r--p 00006000 08:06 262277     /lib/i386-linux-gnu/librt-2.15.so
b69e8000-b69e9000 rw-p 00007000 08:06 262277     /lib/i386-linux-gnu/librt-2.15.so
b69e9000-b69ec000 ---p 00000000 00:00 0 
b69ec000-b6a3a000 rw-p 00000000 00:00 0 
b6a3a000-b6a56000 r-xp 00000000 08:06 263092     /lib/i386-linux-gnu/libgcc_s.so.1
b6a56000-b6a57000 r--p 0001b000 08:06 263092     /lib/i386-linux-gnu/libgcc_s.so.1
b6a57000-b6a58000 rw-p 0001c000 08:06 263092     /lib/i386-linux-gnu/libgcc_s.so.1
b6a58000-b6a82000 r-xp 00000000 08:06 263227     /lib/i386-linux-gnu/libm-2.15.so
b6a82000-b6a83000 r--p 00029000 08:06 263227     /lib/i386-linux-gnu/libm-2.15.so
b6a83000-b6a84000 rw-p 0002a000 08:06 263227     /lib/i386-linux-gnu/libm-2.15.so
b6a84000-b6b5c000 r-xp 00000000 08:06 2364388    /usr/lib/i386-linux-gnu/libstdc++.so.6.0.16
b6b5c000-b6b5d000 ---p 000d8000 08:06 2364388    /usr/lib/i386-linux-gnu/libstdc++.so.6.0.16
b6b5d000-b6b61000 r--p 000d8000 08:06 2364388    /usr/lib/i386-linux-gnu/libstdc++.so.6.0.16
b6b61000-b6b62000 rw-p 000dc000 08:06 2364388    /usr/lib/i386-linux-gnu/libstdc++.so.6.0.16
b6b62000-b6b69000 rw-p 00000000 00:00 0 
b6b69000-b716d000 r-xp 00000000 08:06 529974     /usr/lib/jvm/java-7-openjdk-i386/jre/lib/i386/client/libjvm.so
b716d000-b716e000 ---p 00604000 08:06 529974     /usr/lib/jvm/java-7-openjdk-i386/jre/lib/i386/client/libjvm.so
b716e000-b7185000 r--p 00604000 08:06 529974     /usr/lib/jvm/java-7-openjdk-i386/jre/lib/i386/client/libjvm.so
b7185000-b7193000 rw-p 0061b000 08:06 529974     /usr/lib/jvm/java-7-openjdk-i386/jre/lib/i386/client/libjvm.so
b7193000-b75af000 rw-p 00000000 00:00 0 
b75af000-b75c3000 r-xp 00000000 08:06 263182     /lib/i386-linux-gnu/libz.so.1.2.3.4
b75c3000-b75c4000 r--p 00013000 08:06 263182     /lib/i386-linux-gnu/libz.so.1.2.3.4
b75c4000-b75c5000 rw-p 00014000 08:06 263182     /lib/i386-linux-gnu/libz.so.1.2.3.4
b75c5000-b75dc000 r-xp 00000000 08:06 262275     /lib/i386-linux-gnu/libpthread-2.15.so
b75dc000-b75dd000 r--p 00016000 08:06 262275     /lib/i386-linux-gnu/libpthread-2.15.so
b75dd000-b75de000 rw-p 00017000 08:06 262275     /lib/i386-linux-gnu/libpthread-2.15.so
b75de000-b75e0000 rw-p 00000000 00:00 0 
b75e0000-b75e3000 r-xp 00000000 08:06 267519     /lib/i386-linux-gnu/libdl-2.15.so
b75e3000-b75e4000 r--p 00002000 08:06 267519     /lib/i386-linux-gnu/libdl-2.15.so
b75e4000-b75e5000 rw-p 00003000 08:06 267519     /lib/i386-linux-gnu/libdl-2.15.so
b75e5000-b7789000 r-xp 00000000 08:06 267520     /lib/i386-linux-gnu/libc-2.15.so
b7789000-b778b000 r--p 001a4000 08:06 267520     /lib/i386-linux-gnu/libc-2.15.so
b778b000-b778c000 rw-p 001a6000 08:06 267520     /lib/i386-linux-gnu/libc-2.15.so
b778c000-b7790000 rw-p 00000000 00:00 0 
b7793000-b7794000 rw-p 00000000 00:00 0 
b7794000-b7795000 r--p 00000000 00:00 0 
b7795000-b77a1000 r-xp 00000000 08:06 529957     /usr/lib/jvm/java-7-openjdk-i386/jre/lib/i386/libverify.so
b77a1000-b77a2000 r--p 0000b000 08:06 529957     /usr/lib/jvm/java-7-openjdk-i386/jre/lib/i386/libverify.so
b77a2000-b77a3000 rw-p 0000c000 08:06 529957     /usr/lib/jvm/java-7-openjdk-i386/jre/lib/i386/libverify.so
b77a3000-b77b0000 r-xp 00000000 08:06 529947     /usr/lib/jvm/java-7-openjdk-i386/jre/lib/i386/jli/libjli.so
b77b0000-b77b1000 r--p 0000c000 08:06 529947     /usr/lib/jvm/java-7-openjdk-i386/jre/lib/i386/jli/libjli.so
b77b1000-b77b2000 rw-p 0000d000 08:06 529947     /usr/lib/jvm/java-7-openjdk-i386/jre/lib/i386/jli/libjli.so
b77b2000-b77b4000 rw-p 00000000 00:00 0 
b77b4000-b77b5000 r-xp 00000000 00:00 0          [vdso]
b77b5000-b77d5000 r-xp 00000000 08:06 262276     /lib/i386-linux-gnu/ld-2.15.so
b77d5000-b77d6000 r--p 0001f000 08:06 262276     /lib/i386-linux-gnu/ld-2.15.so
b77d6000-b77d7000 rw-p 00020000 08:06 262276     /lib/i386-linux-gnu/ld-2.15.so
bfb6a000-bfb8c000 rw-p 00000000 00:00 0          [stack]

VM Arguments:
jvm_args: -Dfile.encoding=UTF-8 -Xbootclasspath:/home/flavio/sdk/platforms/android-19/android.jar 
java_command: Main
Launcher Type: SUN_STANDARD

Environment Variables:
PATH=/usr/lib/lightdm/lightdm:/usr/local/sbin:/usr/local/bin:/usr/sbin:/usr/bin:/sbin:/bin:/usr/games
LD_LIBRARY_PATH=/usr/lib/jvm/java-7-openjdk-i386/jre/lib/i386/client:/usr/lib/jvm/java-7-openjdk-i386/jre/lib/i386:
SHELL=/bin/bash
DISPLAY=:0.0

Signal Handlers:
SIGSEGV: [libjvm.so+0x4e27a0], sa_mask[0]=0x7ffbfeff, sa_flags=0x10000004
SIGBUS: [libjvm.so+0x4e27a0], sa_mask[0]=0x7ffbfeff, sa_flags=0x10000004
SIGFPE: [libjvm.so+0x3b9a50], sa_mask[0]=0x7ffbfeff, sa_flags=0x10000004
SIGPIPE: [libjvm.so+0x3b9a50], sa_mask[0]=0x7ffbfeff, sa_flags=0x10000004
SIGXFSZ: [libjvm.so+0x3b9a50], sa_mask[0]=0x7ffbfeff, sa_flags=0x10000004
SIGILL: [libjvm.so+0x3b9a50], sa_mask[0]=0x7ffbfeff, sa_flags=0x10000004
SIGUSR1: SIG_DFL, sa_mask[0]=0x00000000, sa_flags=0x00000000
SIGUSR2: [libjvm.so+0x3b9d90], sa_mask[0]=0x00000004, sa_flags=0x10000004
SIGHUP: SIG_DFL, sa_mask[0]=0x00000000, sa_flags=0x00000000
SIGINT: SIG_DFL, sa_mask[0]=0x00000000, sa_flags=0x00000000
SIGTERM: SIG_DFL, sa_mask[0]=0x00000000, sa_flags=0x00000000
SIGQUIT: SIG_DFL, sa_mask[0]=0x00000000, sa_flags=0x00000000


---------------  S Y S T E M  ---------------

OS:Ubuntu 12.04 (precise)
uname:Linux 3.2.0-58-generic-pae #88-Ubuntu SMP Tue Dec 3 18:00:02 UTC 2013 i686
libc:glibc 2.15 NPTL 2.15 
rlimit: STACK 8192k, CORE 0k, NPROC 15680, NOFILE 4096, AS infinity
load average:1.74 0.86 1.28

/proc/meminfo:
MemTotal:        2021744 kB
MemFree:          147216 kB
Buffers:           30520 kB
Cached:           522340 kB
SwapCached:         4820 kB
Active:          1130264 kB
Inactive:         664164 kB
Active(anon):     953168 kB
Inactive(anon):   512424 kB
Active(file):     177096 kB
Inactive(file):   151740 kB
Unevictable:          40 kB
Mlocked:              40 kB
HighTotal:       1143556 kB
HighFree:          24580 kB
LowTotal:         878188 kB
LowFree:          122636 kB
SwapTotal:       3905532 kB
SwapFree:        3816716 kB
Dirty:             16780 kB
Writeback:           620 kB
AnonPages:       1237096 kB
Mapped:           129264 kB
Shmem:            223992 kB
Slab:              44284 kB
SReclaimable:      25520 kB
SUnreclaim:        18764 kB
KernelStack:        4040 kB
PageTables:        14428 kB
NFS_Unstable:          0 kB
Bounce:                0 kB
WritebackTmp:          0 kB
CommitLimit:     4916404 kB
Committed_AS:    4720828 kB
VmallocTotal:     122880 kB
VmallocUsed:       18908 kB
VmallocChunk:     101732 kB
HardwareCorrupted:     0 kB
AnonHugePages:         0 kB
HugePages_Total:       0
HugePages_Free:        0
HugePages_Rsvd:        0
HugePages_Surp:        0
Hugepagesize:       2048 kB
DirectMap4k:       10232 kB
DirectMap2M:      903168 kB


CPU:total 1 (1 cores per cpu, 1 threads per core) family 6 model 23 stepping 10, cmov, cx8, fxsr, mmx, sse, sse2, sse3, ssse3, tsc

/proc/cpuinfo:
processor	: 0
vendor_id	: GenuineIntel
cpu family	: 6
model		: 23
model name	: Intel(R) Celeron(R) CPU          925  @ 2.30GHz
stepping	: 10
microcode	: 0xa07
cpu MHz		: 15000.000
cache size	: 1024 KB
fdiv_bug	: no
hlt_bug		: no
f00f_bug	: no
coma_bug	: no
fpu		: yes
fpu_exception	: yes
cpuid level	: 13
wp		: yes
flags		: fpu vme de pse tsc msr pae mce cx8 apic sep mtrr pge mca cmov pat pse36 clflush dts acpi mmx fxsr sse sse2 ss tm pbe nx lm constant_tsc up arch_perfmon pebs bts aperfmperf pni dtes64 monitor ds_cpl tm2 ssse3 cx16 xtpr pdcm xsave lahf_lm dtherm
bogomips	: 4588.11
clflush size	: 64
cache_alignment	: 64
address sizes	: 36 bits physical, 48 bits virtual
power management:



Memory: 4k page, physical 2021744k(147216k free), swap 3905532k(3816716k free)

vm_info: OpenJDK Client VM (24.45-b08) for linux-x86 JRE (1.7.0_51-b00), built on Jan 16 2014 18:41:20 by "buildd" with gcc 4.6.3

time: Mon Feb  3 22:54:44 2014
elapsed time: 0 seconds

