#
# A fatal error has been detected by the Java Runtime Environment:
#
#  Internal Error (javaClasses.cpp:136), pid=4805, tid=3063868224
#  fatal error: Invalid layout of preloaded class
#
# JRE version:  (7.0_51) (build )
# Java VM: OpenJDK Client VM (24.45-b08 mixed mode linux-x86 )
# Failed to write core dump. Core dumps have been disabled. To enable core dumping, try "ulimit -c unlimited" before starting Java again
#
# If you would like to submit a bug report, please include
# instructions on how to reproduce the bug and visit:
#   http://icedtea.classpath.org/bugzilla
#

---------------  T H R E A D  ---------------

Current thread (0xb6808000):  JavaThread "Unknown thread" [_thread_in_vm, id=4810, stack(0xb699e000,0xb69ef000)]

Stack: [0xb699e000,0xb69ef000]

[error occurred during error reporting (printing native stack), id 0xb]


---------------  P R O C E S S  ---------------

Java Threads: ( => current thread )

Other Threads:

=>0xb6808000 (exited) JavaThread "Unknown thread" [_thread_in_vm, id=4810, stack(0xb699e000,0xb69ef000)]

VM state:not at safepoint (not fully initialized)

VM Mutex/Monitor currently owned by a thread: None

GC Heap History (0 events):
No events

Deoptimization events (0 events):
No events

Internal exceptions (0 events):
No events

Events (10 events):
Event: 0.034 loading class 0x90538670 done
Event: 0.034 loading class 0x90538100 done
Event: 0.034 loading class 0x905380e0
Event: 0.034 loading class 0x9053f370
Event: 0.034 loading class 0x9053f370 done
Event: 0.034 loading class 0x9053f3a0
Event: 0.034 loading class 0x9053f3a0 done
Event: 0.034 loading class 0x9053f3d0
Event: 0.034 loading class 0x9053f3d0 done
Event: 0.034 loading class 0x905380e0 done


Dynamic libraries:
08048000-08049000 r-xp 00000000 08:06 529928     /usr/lib/jvm/java-7-openjdk-i386/jre/bin/java
08049000-0804a000 r--p 00000000 08:06 529928     /usr/lib/jvm/java-7-openjdk-i386/jre/bin/java
0804a000-0804b000 rw-p 00001000 08:06 529928     /usr/lib/jvm/java-7-openjdk-i386/jre/bin/java
08d9b000-08dbc000 rw-p 00000000 00:00 0          [heap]
9043a000-90461000 rw-p 00000000 00:00 0 
90461000-90538000 r--s 013fe000 08:06 12558      /home/flavio/sdk/platforms/android-19/android.jar
90538000-9059a000 rw-p 00000000 00:00 0 
9059a000-905b4000 rw-p 00000000 00:00 0 
905b4000-905ba000 rw-p 00000000 00:00 0 
905ba000-9065f000 rw-p 00000000 00:00 0 
9065f000-90662000 rw-p 00000000 00:00 0 
90662000-906b4000 rw-p 00000000 00:00 0 
906b4000-906ba000 rw-p 00000000 00:00 0 
906ba000-9075f000 rw-p 00000000 00:00 0 
9075f000-90765000 rw-p 00000000 00:00 0 
90765000-9077f000 rw-p 00000000 00:00 0 
9077f000-90cd0000 rw-p 00000000 00:00 0 
90cd0000-9b220000 rw-p 00000000 00:00 0 
9b220000-9bcd0000 rw-p 00000000 00:00 0 
9bcd0000-b0780000 rw-p 00000000 00:00 0 
b0780000-b1380000 rw-p 00000000 00:00 0 
b1380000-b4780000 rw-p 00000000 00:00 0 
b4780000-b4781000 rw-p 00000000 00:00 0 
b4781000-b4800000 rw-p 00000000 00:00 0 
b4800000-b4830000 rwxp 00000000 00:00 0 
b4830000-b6849000 rw-p 00000000 00:00 0 
b6849000-b6900000 ---p 00000000 00:00 0 
b691d000-b6928000 r-xp 00000000 08:06 263246     /lib/i386-linux-gnu/libnss_files-2.15.so
b6928000-b6929000 r--p 0000a000 08:06 263246     /lib/i386-linux-gnu/libnss_files-2.15.so
b6929000-b692a000 rw-p 0000b000 08:06 263246     /lib/i386-linux-gnu/libnss_files-2.15.so
b692a000-b6934000 r-xp 00000000 08:06 263230     /lib/i386-linux-gnu/libnss_nis-2.15.so
b6934000-b6935000 r--p 00009000 08:06 263230     /lib/i386-linux-gnu/libnss_nis-2.15.so
b6935000-b6936000 rw-p 0000a000 08:06 263230     /lib/i386-linux-gnu/libnss_nis-2.15.so
b6936000-b694c000 r-xp 00000000 08:06 262269     /lib/i386-linux-gnu/libnsl-2.15.so
b694c000-b694d000 r--p 00015000 08:06 262269     /lib/i386-linux-gnu/libnsl-2.15.so
b694d000-b694e000 rw-p 00016000 08:06 262269     /lib/i386-linux-gnu/libnsl-2.15.so
b694e000-b6950000 rw-p 00000000 00:00 0 
b6950000-b6957000 r-xp 00000000 08:06 266169     /lib/i386-linux-gnu/libnss_compat-2.15.so
b6957000-b6958000 r--p 00006000 08:06 266169     /lib/i386-linux-gnu/libnss_compat-2.15.so
b6958000-b6959000 rw-p 00007000 08:06 266169     /lib/i386-linux-gnu/libnss_compat-2.15.so
b695a000-b6962000 r-xp 00000000 08:06 529958     /usr/lib/jvm/java-7-openjdk-i386/jre/lib/i386/libzip.so
b6962000-b6963000 r--p 00007000 08:06 529958     /usr/lib/jvm/java-7-openjdk-i386/jre/lib/i386/libzip.so
b6963000-b6964000 rw-p 00008000 08:06 529958     /usr/lib/jvm/java-7-openjdk-i386/jre/lib/i386/libzip.so
b6964000-b696c000 rw-s 00000000 08:06 787070     /tmp/hsperfdata_flavio/4805
b696c000-b6993000 r-xp 00000000 08:06 529945     /usr/lib/jvm/java-7-openjdk-i386/jre/lib/i386/libjava.so
b6993000-b6994000 r--p 00026000 08:06 529945     /usr/lib/jvm/java-7-openjdk-i386/jre/lib/i386/libjava.so
b6994000-b6995000 rw-p 00027000 08:06 529945     /usr/lib/jvm/java-7-openjdk-i386/jre/lib/i386/libjava.so
b6995000-b699c000 r-xp 00000000 08:06 262277     /lib/i386-linux-gnu/librt-2.15.so
b699c000-b699d000 r--p 00006000 08:06 262277     /lib/i386-linux-gnu/librt-2.15.so
b699d000-b699e000 rw-p 00007000 08:06 262277     /lib/i386-linux-gnu/librt-2.15.so
b699e000-b69a1000 ---p 00000000 00:00 0 
b69a1000-b69ef000 rw-p 00000000 00:00 0 
b69ef000-b6a0b000 r-xp 00000000 08:06 263092     /lib/i386-linux-gnu/libgcc_s.so.1
b6a0b000-b6a0c000 r--p 0001b000 08:06 263092     /lib/i386-linux-gnu/libgcc_s.so.1
b6a0c000-b6a0d000 rw-p 0001c000 08:06 263092     /lib/i386-linux-gnu/libgcc_s.so.1
b6a0d000-b6a37000 r-xp 00000000 08:06 263227     /lib/i386-linux-gnu/libm-2.15.so
b6a37000-b6a38000 r--p 00029000 08:06 263227     /lib/i386-linux-gnu/libm-2.15.so
b6a38000-b6a39000 rw-p 0002a000 08:06 263227     /lib/i386-linux-gnu/libm-2.15.so
b6a39000-b6b11000 r-xp 00000000 08:06 2364388    /usr/lib/i386-linux-gnu/libstdc++.so.6.0.16
b6b11000-b6b12000 ---p 000d8000 08:06 2364388    /usr/lib/i386-linux-gnu/libstdc++.so.6.0.16
b6b12000-b6b16000 r--p 000d8000 08:06 2364388    /usr/lib/i386-linux-gnu/libstdc++.so.6.0.16
b6b16000-b6b17000 rw-p 000dc000 08:06 2364388    /usr/lib/i386-linux-gnu/libstdc++.so.6.0.16
b6b17000-b6b1e000 rw-p 00000000 00:00 0 
b6b1e000-b7122000 r-xp 00000000 08:06 529974     /usr/lib/jvm/java-7-openjdk-i386/jre/lib/i386/client/libjvm.so
b7122000-b7123000 ---p 00604000 08:06 529974     /usr/lib/jvm/java-7-openjdk-i386/jre/lib/i386/client/libjvm.so
b7123000-b713a000 r--p 00604000 08:06 529974     /usr/lib/jvm/java-7-openjdk-i386/jre/lib/i386/client/libjvm.so
b713a000-b7148000 rw-p 0061b000 08:06 529974     /usr/lib/jvm/java-7-openjdk-i386/jre/lib/i386/client/libjvm.so
b7148000-b7564000 rw-p 00000000 00:00 0 
b7564000-b7578000 r-xp 00000000 08:06 263182     /lib/i386-linux-gnu/libz.so.1.2.3.4
b7578000-b7579000 r--p 00013000 08:06 263182     /lib/i386-linux-gnu/libz.so.1.2.3.4
b7579000-b757a000 rw-p 00014000 08:06 263182     /lib/i386-linux-gnu/libz.so.1.2.3.4
b757a000-b7591000 r-xp 00000000 08:06 262275     /lib/i386-linux-gnu/libpthread-2.15.so
b7591000-b7592000 r--p 00016000 08:06 262275     /lib/i386-linux-gnu/libpthread-2.15.so
b7592000-b7593000 rw-p 00017000 08:06 262275     /lib/i386-linux-gnu/libpthread-2.15.so
b7593000-b7595000 rw-p 00000000 00:00 0 
b7595000-b7598000 r-xp 00000000 08:06 267519     /lib/i386-linux-gnu/libdl-2.15.so
b7598000-b7599000 r--p 00002000 08:06 267519     /lib/i386-linux-gnu/libdl-2.15.so
b7599000-b759a000 rw-p 00003000 08:06 267519     /lib/i386-linux-gnu/libdl-2.15.so
b759a000-b773e000 r-xp 00000000 08:06 267520     /lib/i386-linux-gnu/libc-2.15.so
b773e000-b7740000 r--p 001a4000 08:06 267520     /lib/i386-linux-gnu/libc-2.15.so
b7740000-b7741000 rw-p 001a6000 08:06 267520     /lib/i386-linux-gnu/libc-2.15.so
b7741000-b7745000 rw-p 00000000 00:00 0 
b7748000-b7749000 rw-p 00000000 00:00 0 
b7749000-b774a000 r--p 00000000 00:00 0 
b774a000-b7756000 r-xp 00000000 08:06 529957     /usr/lib/jvm/java-7-openjdk-i386/jre/lib/i386/libverify.so
b7756000-b7757000 r--p 0000b000 08:06 529957     /usr/lib/jvm/java-7-openjdk-i386/jre/lib/i386/libverify.so
b7757000-b7758000 rw-p 0000c000 08:06 529957     /usr/lib/jvm/java-7-openjdk-i386/jre/lib/i386/libverify.so
b7758000-b7765000 r-xp 00000000 08:06 529947     /usr/lib/jvm/java-7-openjdk-i386/jre/lib/i386/jli/libjli.so
b7765000-b7766000 r--p 0000c000 08:06 529947     /usr/lib/jvm/java-7-openjdk-i386/jre/lib/i386/jli/libjli.so
b7766000-b7767000 rw-p 0000d000 08:06 529947     /usr/lib/jvm/java-7-openjdk-i386/jre/lib/i386/jli/libjli.so
b7767000-b7769000 rw-p 00000000 00:00 0 
b7769000-b776a000 r-xp 00000000 00:00 0          [vdso]
b776a000-b778a000 r-xp 00000000 08:06 262276     /lib/i386-linux-gnu/ld-2.15.so
b778a000-b778b000 r--p 0001f000 08:06 262276     /lib/i386-linux-gnu/ld-2.15.so
b778b000-b778c000 rw-p 00020000 08:06 262276     /lib/i386-linux-gnu/ld-2.15.so
bf894000-bf8b6000 rw-p 00000000 00:00 0          [stack]

VM Arguments:
jvm_args: -Dfile.encoding=UTF-8 -Xbootclasspath:/home/flavio/sdk/platforms/android-19/android.jar 
java_command: Main
Launcher Type: SUN_STANDARD

Environment Variables:
PATH=/usr/lib/lightdm/lightdm:/usr/local/sbin:/usr/local/bin:/usr/sbin:/usr/bin:/sbin:/bin:/usr/games
LD_LIBRARY_PATH=/usr/lib/jvm/java-7-openjdk-i386/jre/lib/i386/client:/usr/lib/jvm/java-7-openjdk-i386/jre/lib/i386:
SHELL=/bin/bash
DISPLAY=:0.0

Signal Handlers:
SIGSEGV: [libjvm.so+0x4e27a0], sa_mask[0]=0x7ffbfeff, sa_flags=0x10000004
SIGBUS: [libjvm.so+0x4e27a0], sa_mask[0]=0x7ffbfeff, sa_flags=0x10000004
SIGFPE: [libjvm.so+0x3b9a50], sa_mask[0]=0x7ffbfeff, sa_flags=0x10000004
SIGPIPE: [libjvm.so+0x3b9a50], sa_mask[0]=0x7ffbfeff, sa_flags=0x10000004
SIGXFSZ: [libjvm.so+0x3b9a50], sa_mask[0]=0x7ffbfeff, sa_flags=0x10000004
SIGILL: [libjvm.so+0x3b9a50], sa_mask[0]=0x7ffbfeff, sa_flags=0x10000004
SIGUSR1: SIG_DFL, sa_mask[0]=0x00000000, sa_flags=0x00000000
SIGUSR2: [libjvm.so+0x3b9d90], sa_mask[0]=0x00000004, sa_flags=0x10000004
SIGHUP: SIG_DFL, sa_mask[0]=0x00000000, sa_flags=0x00000000
SIGINT: SIG_DFL, sa_mask[0]=0x00000000, sa_flags=0x00000000
SIGTERM: SIG_DFL, sa_mask[0]=0x00000000, sa_flags=0x00000000
SIGQUIT: SIG_DFL, sa_mask[0]=0x00000000, sa_flags=0x00000000


---------------  S Y S T E M  ---------------

OS:Ubuntu 12.04 (precise)
uname:Linux 3.2.0-58-generic-pae #88-Ubuntu SMP Tue Dec 3 18:00:02 UTC 2013 i686
libc:glibc 2.15 NPTL 2.15 
rlimit: STACK 8192k, CORE 0k, NPROC 15680, NOFILE 4096, AS infinity
load average:1.20 0.86 1.24

/proc/meminfo:
MemTotal:        2021744 kB
MemFree:          239004 kB
Buffers:           32644 kB
Cached:           515892 kB
SwapCached:         5008 kB
Active:          1100396 kB
Inactive:         603128 kB
Active(anon):     866508 kB
Inactive(anon):   507804 kB
Active(file):     233888 kB
Inactive(file):    95324 kB
Unevictable:          40 kB
Mlocked:              40 kB
HighTotal:       1143556 kB
HighFree:          86084 kB
LowTotal:         878188 kB
LowFree:          152920 kB
SwapTotal:       3905532 kB
SwapFree:        3816720 kB
Dirty:              1024 kB
Writeback:             0 kB
AnonPages:       1150372 kB
Mapped:           124224 kB
Shmem:            219324 kB
Slab:              44136 kB
SReclaimable:      25412 kB
SUnreclaim:        18724 kB
KernelStack:        3888 kB
PageTables:        14000 kB
NFS_Unstable:          0 kB
Bounce:                0 kB
WritebackTmp:          0 kB
CommitLimit:     4916404 kB
Committed_AS:    4577568 kB
VmallocTotal:     122880 kB
VmallocUsed:       18908 kB
VmallocChunk:     101732 kB
HardwareCorrupted:     0 kB
AnonHugePages:         0 kB
HugePages_Total:       0
HugePages_Free:        0
HugePages_Rsvd:        0
HugePages_Surp:        0
Hugepagesize:       2048 kB
DirectMap4k:       10232 kB
DirectMap2M:      903168 kB


CPU:total 1 (1 cores per cpu, 1 threads per core) family 6 model 23 stepping 10, cmov, cx8, fxsr, mmx, sse, sse2, sse3, ssse3, tsc

/proc/cpuinfo:
processor	: 0
vendor_id	: GenuineIntel
cpu family	: 6
model		: 23
model name	: Intel(R) Celeron(R) CPU          925  @ 2.30GHz
stepping	: 10
microcode	: 0xa07
cpu MHz		: 15000.000
cache size	: 1024 KB
fdiv_bug	: no
hlt_bug		: no
f00f_bug	: no
coma_bug	: no
fpu		: yes
fpu_exception	: yes
cpuid level	: 13
wp		: yes
flags		: fpu vme de pse tsc msr pae mce cx8 apic sep mtrr pge mca cmov pat pse36 clflush dts acpi mmx fxsr sse sse2 ss tm pbe nx lm constant_tsc up arch_perfmon pebs bts aperfmperf pni dtes64 monitor ds_cpl tm2 ssse3 cx16 xtpr pdcm xsave lahf_lm dtherm
bogomips	: 4588.11
clflush size	: 64
cache_alignment	: 64
address sizes	: 36 bits physical, 48 bits virtual
power management:



Memory: 4k page, physical 2021744k(239004k free), swap 3905532k(3816720k free)

vm_info: OpenJDK Client VM (24.45-b08) for linux-x86 JRE (1.7.0_51-b00), built on Jan 16 2014 18:41:20 by "buildd" with gcc 4.6.3

time: Mon Feb  3 22:56:05 2014
elapsed time: 0 seconds

